0 info it worked if it ends with ok
1 verbose cli [ 'C:\\Program Files\\nodejs\\node.exe',
1 verbose cli   'C:\\Program Files\\nodejs\\node_modules\\npm\\bin\\npm-cli.js',
1 verbose cli   'start' ]
2 info using npm@3.10.10
3 info using node@v6.10.3
4 verbose run-script [ 'prestart', 'start', 'poststart' ]
5 info lifecycle testbe@1.0.0~prestart: testbe@1.0.0
6 silly lifecycle testbe@1.0.0~prestart: no script for prestart, continuing
7 info lifecycle testbe@1.0.0~start: testbe@1.0.0
8 verbose lifecycle testbe@1.0.0~start: unsafe-perm in lifecycle true
9 verbose lifecycle testbe@1.0.0~start: PATH: C:\Program Files\nodejs\node_modules\npm\bin\node-gyp-bin;D:\hackathon\Empty-Coffee-Cups\backend\node_modules\.bin;%SystemRoot%\system32\WindowsPowerShell\v1.0\;C:\Program Files (x86)\Intel\OpenCL SDK\6.3\bin\x64;C:\Program Files (x86)\Intel\OpenCL SDK\6.3\bin\x86;C:\Program Files (x86)\Intel\OpenCL SDK\6.3\bin\Pin;C:\Program Files (x86)\Intel\OpenCL SDK\6.3\bin\GTPin;C:\ProgramData\Oracle\Java\javapath;C:\Program Files\Broadcom\Broadcom 802.11 Network Adapter\Driver;C:\Windows\system32;C:\Windows;C:\Windows\System32\Wbem;C:\Windows\System32\WindowsPowerShell\v1.0\;C:\Program Files (x86)\GNU\GnuPG\pub;C:\Program Files\Microsoft\Web Platform Installer\;C:\Program Files\OpenVPN\bin;C:\Program Files (x86)\Skype\Phone\;C:\Program Files\Git\cmd;C:\Program Files\nodejs\;C:\Program Files\IBM\Bluemix\bin;C:\Ruby24-x64\bin;C:\cygwin64\bin;C:\Users\korax\AppData\Roaming\npm;C:\Program Files\Docker Toolbox;c:\python27
10 verbose lifecycle testbe@1.0.0~start: CWD: D:\hackathon\Empty-Coffee-Cups\backend
11 silly lifecycle testbe@1.0.0~start: Args: [ '/d /s /c', 'node server.js' ]
12 silly lifecycle testbe@1.0.0~start: Returned: code: 1  signal: null
13 info lifecycle testbe@1.0.0~start: Failed to exec start script
14 verbose stack Error: testbe@1.0.0 start: `node server.js`
14 verbose stack Exit status 1
14 verbose stack     at EventEmitter.<anonymous> (C:\Program Files\nodejs\node_modules\npm\lib\utils\lifecycle.js:255:16)
14 verbose stack     at emitTwo (events.js:106:13)
14 verbose stack     at EventEmitter.emit (events.js:191:7)
14 verbose stack     at ChildProcess.<anonymous> (C:\Program Files\nodejs\node_modules\npm\lib\utils\spawn.js:40:14)
14 verbose stack     at emitTwo (events.js:106:13)
14 verbose stack     at ChildProcess.emit (events.js:191:7)
14 verbose stack     at maybeClose (internal/child_process.js:886:16)
14 verbose stack     at Process.ChildProcess._handle.onexit (internal/child_process.js:226:5)
15 verbose pkgid testbe@1.0.0
16 verbose cwd D:\hackathon\Empty-Coffee-Cups\backend
17 error Windows_NT 6.1.7601
18 error argv "C:\\Program Files\\nodejs\\node.exe" "C:\\Program Files\\nodejs\\node_modules\\npm\\bin\\npm-cli.js" "start"
19 error node v6.10.3
20 error npm  v3.10.10
21 error code ELIFECYCLE
22 error testbe@1.0.0 start: `node server.js`
22 error Exit status 1
23 error Failed at the testbe@1.0.0 start script 'node server.js'.
23 error Make sure you have the latest version of node.js and npm installed.
23 error If you do, this is most likely a problem with the testbe package,
23 error not with npm itself.
23 error Tell the author that this fails on your system:
23 error     node server.js
23 error You can get information on how to open an issue for this project with:
23 error     npm bugs testbe
23 error Or if that isn't available, you can get their info via:
23 error     npm owner ls testbe
23 error There is likely additional logging output above.
24 verbose exit [ 1, true ]
